Started by user [8mha:////4Chtbzqx1FE6WyuGgKzKVPtGPfBAUupkYVHynPP60SIWAAAAlx+LCAAAAAAAAP9b85aBtbiIQTGjNKU4P08vOT+vOD8nVc83PyU1x6OyILUoJzMv2y+/JJUBAhiZGBgqihhk0NSjKDWzXb3RdlLBUSYGJk8GtpzUvPSSDB8G5tKinBIGIZ+sxLJE/ZzEvHT94JKizLx0a6BxUmjGOUNodHsLgAzWEgZu/dLi1CL9xJTczDwAj6GcLcAAAAA=[0madmin
Running in Durability level: MAX_SURVIVABILITY
org.codehaus.groovy.control.MultipleCompilationErrorsException: startup failed:
WorkflowScript: 5: Unknown stage section "echo". Starting with version 0.5, steps in a stage must be in a steps block. @ line 5, column 9.
           stage('Initialize') {
           ^

WorkflowScript: 5: Not a valid stage section definition: "def node = tool name: 'NodeJs', type: 'jenkins.plugins.nodejs.tools.NodeJSInstallation'". Some extra configuration is required. @ line 5, column 9.
           stage('Initialize') {
           ^

WorkflowScript: 5: Not a valid stage section definition: "env.PATH = "${node}/bin:${env.PATH}"". Some extra configuration is required. @ line 5, column 9.
           stage('Initialize') {
           ^

WorkflowScript: 5: Unknown stage section "sh". Starting with version 0.5, steps in a stage must be in a steps block. @ line 5, column 9.
           stage('Initialize') {
           ^

WorkflowScript: 5: Multiple occurrences of the sh section @ line 5, column 9.
           stage('Initialize') {
           ^

WorkflowScript: 5: Unknown stage section "sh". Starting with version 0.5, steps in a stage must be in a steps block. @ line 5, column 9.
           stage('Initialize') {
           ^

WorkflowScript: 5: No "steps" or "parallel" to execute within stage "Initialize" @ line 5, column 9.
           stage('Initialize') {
           ^

7 errors

	at org.codehaus.groovy.control.ErrorCollector.failIfErrors(ErrorCollector.java:310)
	at org.codehaus.groovy.control.CompilationUnit.applyToPrimaryClassNodes(CompilationUnit.java:1085)
	at org.codehaus.groovy.control.CompilationUnit.doPhaseOperation(CompilationUnit.java:603)
	at org.codehaus.groovy.control.CompilationUnit.processPhaseOperations(CompilationUnit.java:581)
	at org.codehaus.groovy.control.CompilationUnit.compile(CompilationUnit.java:558)
	at groovy.lang.GroovyClassLoader.doParseClass(GroovyClassLoader.java:298)
	at groovy.lang.GroovyClassLoader.parseClass(GroovyClassLoader.java:268)
	at groovy.lang.GroovyShell.parseClass(GroovyShell.java:688)
	at groovy.lang.GroovyShell.parse(GroovyShell.java:700)
	at org.jenkinsci.plugins.workflow.cps.CpsGroovyShell.doParse(CpsGroovyShell.java:133)
	at org.jenkinsci.plugins.workflow.cps.CpsGroovyShell.reparse(CpsGroovyShell.java:127)
	at org.jenkinsci.plugins.workflow.cps.CpsFlowExecution.parseScript(CpsFlowExecution.java:557)
	at org.jenkinsci.plugins.workflow.cps.CpsFlowExecution.start(CpsFlowExecution.java:518)
	at org.jenkinsci.plugins.workflow.job.WorkflowRun.run(WorkflowRun.java:290)
	at hudson.model.ResourceController.execute(ResourceController.java:97)
	at hudson.model.Executor.run(Executor.java:429)
Finished: FAILURE
